<?xml version="1.0" encoding="UTF-8"?>
<testsuite xmlns:xsi="http://www.w3.org/2001/XMLSchema-instance" xsi:noNamespaceSchemaLocation="https://maven.apache.org/surefire/maven-surefire-plugin/xsd/surefire-test-report.xsd" name="com.niveus.LoginTest" time="174.126" tests="1" errors="0" skipped="0" failures="1">
  <properties>
    <property name="sun.desktop" value="gnome"/>
    <property name="awt.toolkit" value="sun.awt.X11.XToolkit"/>
    <property name="file.encoding.pkg" value="sun.io"/>
    <property name="java.specification.version" value="1.8"/>
    <property name="sun.cpu.isalist" value=""/>
    <property name="sun.jnu.encoding" value="UTF-8"/>
    <property name="java.class.path" value="/home/niveus/git/AfyaTestingRepo/Afyawebapplication/target/test-classes:/home/niveus/git/AfyaTestingRepo/Afyawebapplication/target/classes:/home/niveus/.m2/repository/org/seleniumhq/selenium/selenium-java/3.141.59/selenium-java-3.141.59.jar:/home/niveus/.m2/repository/org/seleniumhq/selenium/selenium-api/3.141.59/selenium-api-3.141.59.jar:/home/niveus/.m2/repository/org/seleniumhq/selenium/selenium-chrome-driver/3.141.59/selenium-chrome-driver-3.141.59.jar:/home/niveus/.m2/repository/org/seleniumhq/selenium/selenium-edge-driver/3.141.59/selenium-edge-driver-3.141.59.jar:/home/niveus/.m2/repository/org/seleniumhq/selenium/selenium-firefox-driver/3.141.59/selenium-firefox-driver-3.141.59.jar:/home/niveus/.m2/repository/org/seleniumhq/selenium/selenium-ie-driver/3.141.59/selenium-ie-driver-3.141.59.jar:/home/niveus/.m2/repository/org/seleniumhq/selenium/selenium-opera-driver/3.141.59/selenium-opera-driver-3.141.59.jar:/home/niveus/.m2/repository/org/seleniumhq/selenium/selenium-remote-driver/3.141.59/selenium-remote-driver-3.141.59.jar:/home/niveus/.m2/repository/org/seleniumhq/selenium/selenium-safari-driver/3.141.59/selenium-safari-driver-3.141.59.jar:/home/niveus/.m2/repository/org/seleniumhq/selenium/selenium-support/3.141.59/selenium-support-3.141.59.jar:/home/niveus/.m2/repository/net/bytebuddy/byte-buddy/1.8.15/byte-buddy-1.8.15.jar:/home/niveus/.m2/repository/org/apache/commons/commons-exec/1.3/commons-exec-1.3.jar:/home/niveus/.m2/repository/com/google/guava/guava/25.0-jre/guava-25.0-jre.jar:/home/niveus/.m2/repository/com/google/code/findbugs/jsr305/1.3.9/jsr305-1.3.9.jar:/home/niveus/.m2/repository/org/checkerframework/checker-compat-qual/2.0.0/checker-compat-qual-2.0.0.jar:/home/niveus/.m2/repository/com/google/errorprone/error_prone_annotations/2.1.3/error_prone_annotations-2.1.3.jar:/home/niveus/.m2/repository/com/google/j2objc/j2objc-annotations/1.1/j2objc-annotations-1.1.jar:/home/niveus/.m2/repository/org/codehaus/mojo/animal-sniffer-annotations/1.14/animal-sniffer-annotations-1.14.jar:/home/niveus/.m2/repository/com/squareup/okhttp3/okhttp/3.11.0/okhttp-3.11.0.jar:/home/niveus/.m2/repository/com/squareup/okio/okio/1.14.0/okio-1.14.0.jar:/home/niveus/.m2/repository/org/testng/testng/7.0.0/testng-7.0.0.jar:/home/niveus/.m2/repository/com/beust/jcommander/1.72/jcommander-1.72.jar:/home/niveus/.m2/repository/commons-io/commons-io/2.6/commons-io-2.6.jar:/home/niveus/.m2/repository/org/apache/commons/commons-lang3/3.8.1/commons-lang3-3.8.1.jar:/home/niveus/.m2/repository/org/apache/poi/poi/4.1.1/poi-4.1.1.jar:/home/niveus/.m2/repository/commons-codec/commons-codec/1.13/commons-codec-1.13.jar:/home/niveus/.m2/repository/org/apache/commons/commons-collections4/4.4/commons-collections4-4.4.jar:/home/niveus/.m2/repository/org/apache/commons/commons-math3/3.6.1/commons-math3-3.6.1.jar:/home/niveus/.m2/repository/org/apache/poi/poi-ooxml/4.1.0/poi-ooxml-4.1.0.jar:/home/niveus/.m2/repository/org/apache/poi/poi-ooxml-schemas/4.1.0/poi-ooxml-schemas-4.1.0.jar:/home/niveus/.m2/repository/org/apache/xmlbeans/xmlbeans/3.1.0/xmlbeans-3.1.0.jar:/home/niveus/.m2/repository/org/apache/commons/commons-compress/1.18/commons-compress-1.18.jar:/home/niveus/.m2/repository/com/github/virtuald/curvesapi/1.06/curvesapi-1.06.jar:/home/niveus/.m2/repository/junit/junit/4.11/junit-4.11.jar:/home/niveus/.m2/repository/org/hamcrest/hamcrest-core/1.3/hamcrest-core-1.3.jar:/home/niveus/.m2/repository/javax/activation/activation/1.1.1/activation-1.1.1.jar:/home/niveus/.m2/repository/org/postgresql/postgresql/42.1.4/postgresql-42.1.4.jar:/home/niveus/.m2/repository/com/sun/mail/javax.mail/1.5.6/javax.mail-1.5.6.jar:/home/niveus/.m2/repository/com/aventstack/extentreports/3.0.6/extentreports-3.0.6.jar:/home/niveus/.m2/repository/org/freemarker/freemarker/2.3.23/freemarker-2.3.23.jar:/home/niveus/.m2/repository/org/mongodb/mongodb-driver/3.3.0/mongodb-driver-3.3.0.jar:/home/niveus/.m2/repository/org/mongodb/bson/3.3.0/bson-3.3.0.jar:/home/niveus/.m2/repository/org/mongodb/mongodb-driver-core/3.3.0/mongodb-driver-core-3.3.0.jar:/home/niveus/.m2/repository/org/apache/httpcomponents/httpclient/4.5.2/httpclient-4.5.2.jar:/home/niveus/.m2/repository/org/apache/httpcomponents/httpcore/4.4.4/httpcore-4.4.4.jar:/home/niveus/.m2/repository/commons-logging/commons-logging/1.2/commons-logging-1.2.jar:/home/niveus/.m2/repository/org/apache/httpcomponents/httpmime/4.5.2/httpmime-4.5.2.jar:/home/niveus/.m2/repository/org/jsoup/jsoup/1.9.2/jsoup-1.9.2.jar:/home/niveus/.m2/repository/com/relevantcodes/extentreports/2.41.2/extentreports-2.41.2.jar:/home/niveus/.m2/repository/org/xerial/sqlite-jdbc/3.8.11.1/sqlite-jdbc-3.8.11.1.jar:"/>
    <property name="java.vm.vendor" value="Private Build"/>
    <property name="sun.arch.data.model" value="64"/>
    <property name="java.vendor.url" value="http://java.oracle.com/"/>
    <property name="user.timezone" value=""/>
    <property name="java.vm.specification.version" value="1.8"/>
    <property name="os.name" value="Linux"/>
    <property name="user.country" value="IN"/>
    <property name="sun.java.launcher" value="SUN_STANDARD"/>
    <property name="sun.boot.library.path" value="/usr/lib/jvm/java-8-openjdk-amd64/jre/lib/amd64"/>
    <property name="sun.java.command" value="/home/niveus/git/AfyaTestingRepo/Afyawebapplication/target/surefire/surefirebooter3634450975025387450.jar /home/niveus/git/AfyaTestingRepo/Afyawebapplication/target/surefire 2020-09-09T15-47-39_411-jvmRun1 surefire6653131203216151616tmp surefire_07232284573084677180tmp"/>
    <property name="surefire.test.class.path" value="/home/niveus/git/AfyaTestingRepo/Afyawebapplication/target/test-classes:/home/niveus/git/AfyaTestingRepo/Afyawebapplication/target/classes:/home/niveus/.m2/repository/org/seleniumhq/selenium/selenium-java/3.141.59/selenium-java-3.141.59.jar:/home/niveus/.m2/repository/org/seleniumhq/selenium/selenium-api/3.141.59/selenium-api-3.141.59.jar:/home/niveus/.m2/repository/org/seleniumhq/selenium/selenium-chrome-driver/3.141.59/selenium-chrome-driver-3.141.59.jar:/home/niveus/.m2/repository/org/seleniumhq/selenium/selenium-edge-driver/3.141.59/selenium-edge-driver-3.141.59.jar:/home/niveus/.m2/repository/org/seleniumhq/selenium/selenium-firefox-driver/3.141.59/selenium-firefox-driver-3.141.59.jar:/home/niveus/.m2/repository/org/seleniumhq/selenium/selenium-ie-driver/3.141.59/selenium-ie-driver-3.141.59.jar:/home/niveus/.m2/repository/org/seleniumhq/selenium/selenium-opera-driver/3.141.59/selenium-opera-driver-3.141.59.jar:/home/niveus/.m2/repository/org/seleniumhq/selenium/selenium-remote-driver/3.141.59/selenium-remote-driver-3.141.59.jar:/home/niveus/.m2/repository/org/seleniumhq/selenium/selenium-safari-driver/3.141.59/selenium-safari-driver-3.141.59.jar:/home/niveus/.m2/repository/org/seleniumhq/selenium/selenium-support/3.141.59/selenium-support-3.141.59.jar:/home/niveus/.m2/repository/net/bytebuddy/byte-buddy/1.8.15/byte-buddy-1.8.15.jar:/home/niveus/.m2/repository/org/apache/commons/commons-exec/1.3/commons-exec-1.3.jar:/home/niveus/.m2/repository/com/google/guava/guava/25.0-jre/guava-25.0-jre.jar:/home/niveus/.m2/repository/com/google/code/findbugs/jsr305/1.3.9/jsr305-1.3.9.jar:/home/niveus/.m2/repository/org/checkerframework/checker-compat-qual/2.0.0/checker-compat-qual-2.0.0.jar:/home/niveus/.m2/repository/com/google/errorprone/error_prone_annotations/2.1.3/error_prone_annotations-2.1.3.jar:/home/niveus/.m2/repository/com/google/j2objc/j2objc-annotations/1.1/j2objc-annotations-1.1.jar:/home/niveus/.m2/repository/org/codehaus/mojo/animal-sniffer-annotations/1.14/animal-sniffer-annotations-1.14.jar:/home/niveus/.m2/repository/com/squareup/okhttp3/okhttp/3.11.0/okhttp-3.11.0.jar:/home/niveus/.m2/repository/com/squareup/okio/okio/1.14.0/okio-1.14.0.jar:/home/niveus/.m2/repository/org/testng/testng/7.0.0/testng-7.0.0.jar:/home/niveus/.m2/repository/com/beust/jcommander/1.72/jcommander-1.72.jar:/home/niveus/.m2/repository/commons-io/commons-io/2.6/commons-io-2.6.jar:/home/niveus/.m2/repository/org/apache/commons/commons-lang3/3.8.1/commons-lang3-3.8.1.jar:/home/niveus/.m2/repository/org/apache/poi/poi/4.1.1/poi-4.1.1.jar:/home/niveus/.m2/repository/commons-codec/commons-codec/1.13/commons-codec-1.13.jar:/home/niveus/.m2/repository/org/apache/commons/commons-collections4/4.4/commons-collections4-4.4.jar:/home/niveus/.m2/repository/org/apache/commons/commons-math3/3.6.1/commons-math3-3.6.1.jar:/home/niveus/.m2/repository/org/apache/poi/poi-ooxml/4.1.0/poi-ooxml-4.1.0.jar:/home/niveus/.m2/repository/org/apache/poi/poi-ooxml-schemas/4.1.0/poi-ooxml-schemas-4.1.0.jar:/home/niveus/.m2/repository/org/apache/xmlbeans/xmlbeans/3.1.0/xmlbeans-3.1.0.jar:/home/niveus/.m2/repository/org/apache/commons/commons-compress/1.18/commons-compress-1.18.jar:/home/niveus/.m2/repository/com/github/virtuald/curvesapi/1.06/curvesapi-1.06.jar:/home/niveus/.m2/repository/junit/junit/4.11/junit-4.11.jar:/home/niveus/.m2/repository/org/hamcrest/hamcrest-core/1.3/hamcrest-core-1.3.jar:/home/niveus/.m2/repository/javax/activation/activation/1.1.1/activation-1.1.1.jar:/home/niveus/.m2/repository/org/postgresql/postgresql/42.1.4/postgresql-42.1.4.jar:/home/niveus/.m2/repository/com/sun/mail/javax.mail/1.5.6/javax.mail-1.5.6.jar:/home/niveus/.m2/repository/com/aventstack/extentreports/3.0.6/extentreports-3.0.6.jar:/home/niveus/.m2/repository/org/freemarker/freemarker/2.3.23/freemarker-2.3.23.jar:/home/niveus/.m2/repository/org/mongodb/mongodb-driver/3.3.0/mongodb-driver-3.3.0.jar:/home/niveus/.m2/repository/org/mongodb/bson/3.3.0/bson-3.3.0.jar:/home/niveus/.m2/repository/org/mongodb/mongodb-driver-core/3.3.0/mongodb-driver-core-3.3.0.jar:/home/niveus/.m2/repository/org/apache/httpcomponents/httpclient/4.5.2/httpclient-4.5.2.jar:/home/niveus/.m2/repository/org/apache/httpcomponents/httpcore/4.4.4/httpcore-4.4.4.jar:/home/niveus/.m2/repository/commons-logging/commons-logging/1.2/commons-logging-1.2.jar:/home/niveus/.m2/repository/org/apache/httpcomponents/httpmime/4.5.2/httpmime-4.5.2.jar:/home/niveus/.m2/repository/org/jsoup/jsoup/1.9.2/jsoup-1.9.2.jar:/home/niveus/.m2/repository/com/relevantcodes/extentreports/2.41.2/extentreports-2.41.2.jar:/home/niveus/.m2/repository/org/xerial/sqlite-jdbc/3.8.11.1/sqlite-jdbc-3.8.11.1.jar:"/>
    <property name="sun.cpu.endian" value="little"/>
    <property name="user.home" value="/home/niveus"/>
    <property name="user.language" value="en"/>
    <property name="java.specification.vendor" value="Oracle Corporation"/>
    <property name="java.home" value="/usr/lib/jvm/java-8-openjdk-amd64/jre"/>
    <property name="basedir" value="/home/niveus/git/AfyaTestingRepo/Afyawebapplication"/>
    <property name="file.separator" value="/"/>
    <property name="line.separator" value="&#10;"/>
    <property name="java.vm.specification.vendor" value="Oracle Corporation"/>
    <property name="java.specification.name" value="Java Platform API Specification"/>
    <property name="java.awt.graphicsenv" value="sun.awt.X11GraphicsEnvironment"/>
    <property name="surefire.real.class.path" value="/home/niveus/git/AfyaTestingRepo/Afyawebapplication/target/surefire/surefirebooter3634450975025387450.jar"/>
    <property name="sun.boot.class.path" value="/usr/lib/jvm/java-8-openjdk-amd64/jre/lib/resources.jar:/usr/lib/jvm/java-8-openjdk-amd64/jre/lib/rt.jar:/usr/lib/jvm/java-8-openjdk-amd64/jre/lib/sunrsasign.jar:/usr/lib/jvm/java-8-openjdk-amd64/jre/lib/jsse.jar:/usr/lib/jvm/java-8-openjdk-amd64/jre/lib/jce.jar:/usr/lib/jvm/java-8-openjdk-amd64/jre/lib/charsets.jar:/usr/lib/jvm/java-8-openjdk-amd64/jre/lib/jfr.jar:/usr/lib/jvm/java-8-openjdk-amd64/jre/classes"/>
    <property name="sun.management.compiler" value="HotSpot 64-Bit Tiered Compilers"/>
    <property name="java.runtime.version" value="1.8.0_265-8u265-b01-0ubuntu2~18.04-b01"/>
    <property name="user.name" value="niveus"/>
    <property name="path.separator" value=":"/>
    <property name="os.version" value="4.15.0-115-generic"/>
    <property name="java.endorsed.dirs" value="/usr/lib/jvm/java-8-openjdk-amd64/jre/lib/endorsed"/>
    <property name="java.runtime.name" value="OpenJDK Runtime Environment"/>
    <property name="file.encoding" value="UTF-8"/>
    <property name="java.vm.name" value="OpenJDK 64-Bit Server VM"/>
    <property name="localRepository" value="/home/niveus/.m2/repository"/>
    <property name="java.vendor.url.bug" value="http://bugreport.sun.com/bugreport/"/>
    <property name="java.io.tmpdir" value="/tmp"/>
    <property name="java.version" value="1.8.0_265"/>
    <property name="user.dir" value="/home/niveus/git/AfyaTestingRepo/Afyawebapplication"/>
    <property name="os.arch" value="amd64"/>
    <property name="java.vm.specification.name" value="Java Virtual Machine Specification"/>
    <property name="java.awt.printerjob" value="sun.print.PSPrinterJob"/>
    <property name="sun.os.patch.level" value="unknown"/>
    <property name="java.library.path" value="/usr/java/packages/lib/amd64:/usr/lib/x86_64-linux-gnu/jni:/lib/x86_64-linux-gnu:/usr/lib/x86_64-linux-gnu:/usr/lib/jni:/lib:/usr/lib"/>
    <property name="java.vm.info" value="mixed mode"/>
    <property name="java.vendor" value="Private Build"/>
    <property name="java.vm.version" value="25.265-b01"/>
    <property name="java.ext.dirs" value="/usr/lib/jvm/java-8-openjdk-amd64/jre/lib/ext:/usr/java/packages/lib/ext"/>
    <property name="sun.io.unicode.encoding" value="UnicodeLittle"/>
    <property name="java.class.version" value="52.0"/>
  </properties>
  <testcase name="loginPageTest" classname="com.niveus.LoginTest" time="102.724">
    <failure message="Expected condition failed: waiting for visibility of Proxy element for: DefaultElementLocator &apos;By.xpath: //span[contains(text(),&apos;@&apos;)]&apos; (tried for 90 second(s) with 500 milliseconds interval)" type="org.openqa.selenium.TimeoutException">org.openqa.selenium.TimeoutException: Expected condition failed: waiting for visibility of Proxy element for: DefaultElementLocator 'By.xpath: //span[contains(text(),'@')]' (tried for 90 second(s) with 500 milliseconds interval)
	at com.niveus.LoginTest.loginPageTest(LoginTest.java:37)
Caused by: org.openqa.selenium.NoSuchElementException: 
no such element: Unable to locate element: {"method":"xpath","selector":"//span[contains(text(),'@')]"}
  (Session info: chrome=81.0.4044.122)
  (Driver info: chromedriver=2.41.578700 (2f1ed5f9343c13f73144538f15c00b370eda6706),platform=Linux 4.15.0-115-generic x86_64) (WARNING: The server did not provide any stacktrace information)
Command duration or timeout: 0 milliseconds
For documentation on this error, please visit: https://www.seleniumhq.org/exceptions/no_such_element.html
Build info: version: '3.141.59', revision: 'e82be7d358', time: '2018-11-14T08:17:03'
System info: host: 'niveus-HP-ProBook-430-G2', ip: '127.0.1.1', os.name: 'Linux', os.arch: 'amd64', os.version: '4.15.0-115-generic', java.version: '1.8.0_265'
Driver info: org.openqa.selenium.chrome.ChromeDriver
Capabilities {acceptInsecureCerts: false, acceptSslCerts: false, applicationCacheEnabled: false, browserConnectionEnabled: false, browserName: chrome, chrome: {chromedriverVersion: 2.41.578700 (2f1ed5f9343c13..., userDataDir: /tmp/.org.chromium.Chromium...}, cssSelectorsEnabled: true, databaseEnabled: false, goog:chromeOptions: {debuggerAddress: localhost:40169}, handlesAlerts: true, hasTouchScreen: false, javascriptEnabled: true, locationContextEnabled: true, mobileEmulationEnabled: false, nativeEvents: true, networkConnectionEnabled: false, pageLoadStrategy: normal, platform: LINUX, platformName: LINUX, rotatable: false, setWindowRect: true, takesHeapSnapshot: true, takesScreenshot: true, unexpectedAlertBehaviour: , unhandledPromptBehavior: , version: 81.0.4044.122, webStorageEnabled: true}
Session ID: 4cd640c77627338768facba8042d0963
*** Element info: {Using=xpath, value=//span[contains(text(),'@')]}
	at com.niveus.LoginTest.loginPageTest(LoginTest.java:37)
</failure>
    <system-out><![CDATA[browser is launched
Afya application is sucessgully launched
Login page is sucessfully displayed
]]></system-out>
    <system-err><![CDATA[Starting ChromeDriver 2.41.578700 (2f1ed5f9343c13f73144538f15c00b370eda6706) on port 28130
Only local connections are allowed.
Sep 09, 2020 3:47:41 PM org.openqa.selenium.remote.ProtocolHandshake createSession
INFO: Detected dialect: OSS
]]></system-err>
  </testcase>
</testsuite>