<?xml version="1.0" encoding="UTF-8"?>
<!-- Generated by org.testng.reporters.JUnitReportReporter -->
<testsuite hostname="niveus-HP-EliteBook-820-G3" failures="0" tests="1" name="com.niveus.UploadDocumentTest" time="17.585" errors="0" timestamp="2020-08-26T22:09:36 IST" skipped="0">
  <testcase classname="com.niveus.UploadDocumentTest" name="uploadDocumentValidation" time="17.585"/>
</testsuite> <!-- com.niveus.UploadDocumentTest -->
