<?xml version="1.0" encoding="UTF-8"?>
<!-- Generated by org.testng.reporters.JUnitReportReporter -->
<testsuite hostname="niveus-HP-EliteBook-820-G3" failures="0" tests="1" name="com.niveus.UploadPhotosTest" time="19.315" errors="0" timestamp="2020-08-26T22:24:56 IST" skipped="0">
  <testcase classname="com.niveus.UploadPhotosTest" name="uploadPhotoValidation" time="19.315"/>
</testsuite> <!-- com.niveus.UploadPhotosTest -->
